d:\school\2dae\programming4\gameengine_git\minigin\win32\release\minigin.pdb
d:\school\2dae\programming4\gameengine_git\minigin\win32\release\transform.obj
d:\school\2dae\programming4\gameengine_git\minigin\win32\release\time.obj
d:\school\2dae\programming4\gameengine_git\minigin\win32\release\texturecomponent2d.obj
d:\school\2dae\programming4\gameengine_git\minigin\win32\release\texture2d.obj
d:\school\2dae\programming4\gameengine_git\minigin\win32\release\textobject.obj
d:\school\2dae\programming4\gameengine_git\minigin\win32\release\scenemanager.obj
d:\school\2dae\programming4\gameengine_git\minigin\win32\release\scene.obj
d:\school\2dae\programming4\gameengine_git\minigin\win32\release\resourcemanager.obj
d:\school\2dae\programming4\gameengine_git\minigin\win32\release\renderer.obj
d:\school\2dae\programming4\gameengine_git\minigin\win32\release\component.obj
d:\school\2dae\programming4\gameengine_git\minigin\win32\release\minigin.obj
d:\school\2dae\programming4\gameengine_git\minigin\win32\release\inputmanager.obj
d:\school\2dae\programming4\gameengine_git\minigin\win32\release\object.obj
d:\school\2dae\programming4\gameengine_git\minigin\win32\release\gameinfo.obj
d:\school\2dae\programming4\gameengine_git\minigin\win32\release\fpsclock.obj
d:\school\2dae\programming4\gameengine_git\minigin\win32\release\font.obj
d:\school\2dae\programming4\gameengine_git\minigin\win32\release\entity.obj
d:\school\2dae\programming4\gameengine_git\minigin\win32\release\boxcollidercomponent.obj
d:\school\2dae\programming4\gameengine_git\minigin\win32\release\minigin.pch
d:\school\2dae\programming4\gameengine_git\minigin\win32\release\pch.obj
d:\school\2dae\programming4\gameengine_git\minigin\win32\release\state.obj
d:\school\2dae\programming4\gameengine_git\minigin\win32\release\spritecomponent2d.obj
d:\school\2dae\programming4\gameengine_git\minigin\win32\release\audiomanager.obj
d:\school\2dae\programming4\gameengine_git\minigin\win32\release\physxmanager.obj
d:\school\2dae\programming4\gameengine_git\minigin\win32\release\command.obj
d:\school\2dae\programming4\gameengine_git\minigin\win32\release\physxcomponent.obj
d:\school\2dae\programming4\gameengine_git\minigin\win32\release\observer.obj
d:\school\2dae\programming4\gameengine_git\minigin\win32\release\animator.obj
d:\school\2dae\programming4\gameengine_git\minigin\win32\release\utils.obj
d:\school\2dae\programming4\gameengine_git\minigin\win32\release\subject.obj
d:\school\2dae\programming4\gameengine_git\minigin\win32\release\statemachine.obj
d:\school\2dae\programming4\gameengine_git\win32\release\minigin.lib
d:\school\2dae\programming4\gameengine_git\minigin\win32\release\minigin.tlog\cl.command.1.tlog
d:\school\2dae\programming4\gameengine_git\minigin\win32\release\minigin.tlog\cl.read.1.tlog
d:\school\2dae\programming4\gameengine_git\minigin\win32\release\minigin.tlog\cl.write.1.tlog
d:\school\2dae\programming4\gameengine_git\minigin\win32\release\minigin.tlog\lib-link.read.1.tlog
d:\school\2dae\programming4\gameengine_git\minigin\win32\release\minigin.tlog\lib-link.write.1.tlog
d:\school\2dae\programming4\gameengine_git\minigin\win32\release\minigin.tlog\lib.command.1.tlog
