  pch.cpp
  BoxColliderComponent.cpp
  Entity.cpp
  Font.cpp
  FPSclock.cpp
  GameInfo.cpp
  Object.cpp
  InputManager.cpp
  Minigin.cpp
  Component.cpp
  Renderer.cpp
  ResourceManager.cpp
  Scene.cpp
  SceneManager.cpp
  TextObject.cpp
  Texture2D.cpp
  TextureComponent2D.cpp
  Time.cpp
  Transform.cpp
  Minigin.vcxproj -> D:\school\2DAE\programming4\GameEngine_Git\Win32\Release\Minigin.lib
  D:\school\2DAE\programming4\GameEngine_Git\3rdParty\SDL2\lib\x86\SDL2.dll
  1 File(s) copied
  D:\school\2DAE\programming4\GameEngine_Git\3rdParty\SDL2_image\lib\x86\libjpeg-9.dll
  D:\school\2DAE\programming4\GameEngine_Git\3rdParty\SDL2_image\lib\x86\libpng16-16.dll
  D:\school\2DAE\programming4\GameEngine_Git\3rdParty\SDL2_image\lib\x86\libtiff-5.dll
  D:\school\2DAE\programming4\GameEngine_Git\3rdParty\SDL2_image\lib\x86\libwebp-7.dll
  D:\school\2DAE\programming4\GameEngine_Git\3rdParty\SDL2_image\lib\x86\SDL2_image.dll
  D:\school\2DAE\programming4\GameEngine_Git\3rdParty\SDL2_image\lib\x86\zlib1.dll
  6 File(s) copied
  D:\school\2DAE\programming4\GameEngine_Git\3rdParty\SDL2_ttf\lib\x86\libfreetype-6.dll
  D:\school\2DAE\programming4\GameEngine_Git\3rdParty\SDL2_ttf\lib\x86\SDL2_ttf.dll
  2 File(s) copied
