d:\school\2dae\programming4\gameengine_git\minigin\x64\release\minigin.pch
d:\school\2dae\programming4\gameengine_git\minigin\x64\release\minigin.pdb
d:\school\2dae\programming4\gameengine_git\minigin\x64\release\pch.obj
d:\school\2dae\programming4\gameengine_git\minigin\x64\release\transform.obj
d:\school\2dae\programming4\gameengine_git\minigin\x64\release\time.obj
d:\school\2dae\programming4\gameengine_git\minigin\x64\release\texturecomponent2d.obj
d:\school\2dae\programming4\gameengine_git\minigin\x64\release\texture2d.obj
d:\school\2dae\programming4\gameengine_git\minigin\x64\release\textobject.obj
d:\school\2dae\programming4\gameengine_git\minigin\x64\release\scenemanager.obj
d:\school\2dae\programming4\gameengine_git\minigin\x64\release\scene.obj
d:\school\2dae\programming4\gameengine_git\minigin\x64\release\resourcemanager.obj
d:\school\2dae\programming4\gameengine_git\minigin\x64\release\renderer.obj
d:\school\2dae\programming4\gameengine_git\minigin\x64\release\component.obj
d:\school\2dae\programming4\gameengine_git\minigin\x64\release\minigin.obj
d:\school\2dae\programming4\gameengine_git\minigin\x64\release\inputmanager.obj
d:\school\2dae\programming4\gameengine_git\minigin\x64\release\object.obj
d:\school\2dae\programming4\gameengine_git\minigin\x64\release\gameinfo.obj
d:\school\2dae\programming4\gameengine_git\minigin\x64\release\fpsclock.obj
d:\school\2dae\programming4\gameengine_git\minigin\x64\release\font.obj
d:\school\2dae\programming4\gameengine_git\minigin\x64\release\entity.obj
d:\school\2dae\programming4\gameengine_git\minigin\x64\release\boxcollidercomponent.obj
d:\school\2dae\programming4\gameengine_git\x64\release\minigin.lib
d:\school\2dae\programming4\gameengine_git\minigin\x64\release\minigin.tlog\cl.command.1.tlog
d:\school\2dae\programming4\gameengine_git\minigin\x64\release\minigin.tlog\cl.read.1.tlog
d:\school\2dae\programming4\gameengine_git\minigin\x64\release\minigin.tlog\cl.write.1.tlog
d:\school\2dae\programming4\gameengine_git\minigin\x64\release\minigin.tlog\lib-link.read.1.tlog
d:\school\2dae\programming4\gameengine_git\minigin\x64\release\minigin.tlog\lib-link.write.1.tlog
d:\school\2dae\programming4\gameengine_git\minigin\x64\release\minigin.tlog\lib.command.1.tlog
