d:\school\2dae\programming4\gameengine_git\minigin\x64\debug\minigin.pch
d:\school\2dae\programming4\gameengine_git\minigin\x64\debug\minigin.pdb
d:\school\2dae\programming4\gameengine_git\minigin\x64\debug\minigin.idb
d:\school\2dae\programming4\gameengine_git\minigin\x64\debug\pch.obj
d:\school\2dae\programming4\gameengine_git\minigin\x64\debug\state.obj
d:\school\2dae\programming4\gameengine_git\minigin\x64\debug\spritecomponent2d.obj
d:\school\2dae\programming4\gameengine_git\minigin\x64\debug\audiomanager.obj
d:\school\2dae\programming4\gameengine_git\minigin\x64\debug\scenemanager.obj
d:\school\2dae\programming4\gameengine_git\minigin\x64\debug\scene.obj
d:\school\2dae\programming4\gameengine_git\minigin\x64\debug\resourcemanager.obj
d:\school\2dae\programming4\gameengine_git\minigin\x64\debug\renderer.obj
d:\school\2dae\programming4\gameengine_git\minigin\x64\debug\physxmanager.obj
d:\school\2dae\programming4\gameengine_git\minigin\x64\debug\component.obj
d:\school\2dae\programming4\gameengine_git\minigin\x64\debug\minigin.obj
d:\school\2dae\programming4\gameengine_git\minigin\x64\debug\inputmanager.obj
d:\school\2dae\programming4\gameengine_git\minigin\x64\debug\object.obj
d:\school\2dae\programming4\gameengine_git\minigin\x64\debug\gameinfo.obj
d:\school\2dae\programming4\gameengine_git\minigin\x64\debug\fpsclock.obj
d:\school\2dae\programming4\gameengine_git\minigin\x64\debug\font.obj
d:\school\2dae\programming4\gameengine_git\minigin\x64\debug\entity.obj
d:\school\2dae\programming4\gameengine_git\minigin\x64\debug\command.obj
d:\school\2dae\programming4\gameengine_git\minigin\x64\debug\physxcomponent.obj
d:\school\2dae\programming4\gameengine_git\minigin\x64\debug\observer.obj
d:\school\2dae\programming4\gameengine_git\minigin\x64\debug\animator.obj
d:\school\2dae\programming4\gameengine_git\minigin\x64\debug\utils.obj
d:\school\2dae\programming4\gameengine_git\minigin\x64\debug\transform.obj
d:\school\2dae\programming4\gameengine_git\minigin\x64\debug\time.obj
d:\school\2dae\programming4\gameengine_git\minigin\x64\debug\texturecomponent2d.obj
d:\school\2dae\programming4\gameengine_git\minigin\x64\debug\texture2d.obj
d:\school\2dae\programming4\gameengine_git\minigin\x64\debug\textobject.obj
d:\school\2dae\programming4\gameengine_git\minigin\x64\debug\subject.obj
d:\school\2dae\programming4\gameengine_git\minigin\x64\debug\statemachine.obj
d:\school\2dae\programming4\gameengine_git\x64\debug\minigin.lib
d:\school\2dae\programming4\gameengine_git\x64\debug\minigin.pdb
d:\school\2dae\programming4\gameengine_git\minigin\x64\debug\minigin.tlog\cl.command.1.tlog
d:\school\2dae\programming4\gameengine_git\minigin\x64\debug\minigin.tlog\cl.read.1.tlog
d:\school\2dae\programming4\gameengine_git\minigin\x64\debug\minigin.tlog\cl.write.1.tlog
d:\school\2dae\programming4\gameengine_git\minigin\x64\debug\minigin.tlog\lib-link.read.1.tlog
d:\school\2dae\programming4\gameengine_git\minigin\x64\debug\minigin.tlog\lib-link.write.1.tlog
d:\school\2dae\programming4\gameengine_git\minigin\x64\debug\minigin.tlog\lib.command.1.tlog
