  pch.cpp
  Animator.cpp
  Observer.cpp
  PhysxComponent.cpp
  Command.cpp
  Entity.cpp
  Font.cpp
  FPSclock.cpp
  GameInfo.cpp
  Object.cpp
  InputManager.cpp
  Minigin.cpp
  Component.cpp
  Renderer.cpp
  ResourceManager.cpp
  Scene.cpp
  SceneManager.cpp
  AudioManager.cpp
  SpriteComponent2D.cpp
  State.cpp
  StateMachine.cpp
  Generating Code...
  Compiling...
  Subject.cpp
  TextObject.cpp
  Texture2D.cpp
  TextureComponent2D.cpp
  Time.cpp
  Transform.cpp
  Utils.cpp
  Generating Code...
  Minigin.vcxproj -> D:\school\2DAE\programming4\GameEngine_Git\x64\Debug\Minigin.lib
  D:\school\2DAE\programming4\GameEngine_Git\3rdParty\SDL2\lib\x64\SDL2.dll
  1 File(s) copied
  D:\school\2DAE\programming4\GameEngine_Git\3rdParty\SDL2_image\lib\x64\libjpeg-9.dll
  D:\school\2DAE\programming4\GameEngine_Git\3rdParty\SDL2_image\lib\x64\libpng16-16.dll
  D:\school\2DAE\programming4\GameEngine_Git\3rdParty\SDL2_image\lib\x64\libtiff-5.dll
  D:\school\2DAE\programming4\GameEngine_Git\3rdParty\SDL2_image\lib\x64\libwebp-7.dll
  D:\school\2DAE\programming4\GameEngine_Git\3rdParty\SDL2_image\lib\x64\SDL2_image.dll
  D:\school\2DAE\programming4\GameEngine_Git\3rdParty\SDL2_image\lib\x64\zlib1.dll
  6 File(s) copied
  D:\school\2DAE\programming4\GameEngine_Git\3rdParty\SDL2_ttf\lib\x64\libfreetype-6.dll
  D:\school\2DAE\programming4\GameEngine_Git\3rdParty\SDL2_ttf\lib\x64\SDL2_ttf.dll
  2 File(s) copied
  D:\school\2DAE\programming4\GameEngine_Git\3rdParty\fmod\lib\fmodL64.dll
  1 File(s) copied
