d:\school\2dae\programming4\gameengine_git\game\debug\vc142.pdb
d:\school\2dae\programming4\gameengine_git\game\debug\vc142.idb
d:\school\2dae\programming4\gameengine_git\game\debug\player.obj
d:\school\2dae\programming4\gameengine_git\game\debug\main.obj
d:\school\2dae\programming4\gameengine_git\game\debug\ingamescene.obj
d:\school\2dae\programming4\gameengine_git\game\debug\digger.obj
d:\school\2dae\programming4\gameengine_git\game\debug\commands.obj
d:\school\2dae\programming4\gameengine_git\debug\digger.exe
d:\school\2dae\programming4\gameengine_git\debug\digger.ilk
d:\school\2dae\programming4\gameengine_git\debug\digger.pdb
d:\school\2dae\programming4\gameengine_git\game\debug\bubblebobble.obj
d:\school\2dae\programming4\gameengine_git\game\debug\bullet.obj
d:\school\2dae\programming4\gameengine_git\game\debug\testscene.obj
d:\school\2dae\programming4\gameengine_git\game\debug\wall.obj
d:\school\2dae\programming4\gameengine_git\game\debug\digger.tlog\cl.command.1.tlog
d:\school\2dae\programming4\gameengine_git\game\debug\digger.tlog\cl.read.1.tlog
d:\school\2dae\programming4\gameengine_git\game\debug\digger.tlog\cl.write.1.tlog
d:\school\2dae\programming4\gameengine_git\game\debug\digger.tlog\link.command.1.tlog
d:\school\2dae\programming4\gameengine_git\game\debug\digger.tlog\link.read.1.tlog
d:\school\2dae\programming4\gameengine_git\game\debug\digger.tlog\link.write.1.tlog
