d:\school\2dae\programming4\gameengine_git\x64\bubblebobble.ipdb
d:\school\2dae\programming4\gameengine_git\x64\bubblebobble.iobj
d:\school\2dae\test\gameengine_git\x64\bubblebobble.ipdb
d:\school\2dae\test\gameengine_git\x64\bubblebobble.iobj
d:\school\2dae\programming4\gameengine_git\game\x64\release\vc142.pdb
d:\school\2dae\programming4\gameengine_git\game\x64\release\wall.obj
d:\school\2dae\programming4\gameengine_git\game\x64\release\testscene.obj
d:\school\2dae\programming4\gameengine_git\game\x64\release\player.obj
d:\school\2dae\programming4\gameengine_git\game\x64\release\main.obj
d:\school\2dae\programming4\gameengine_git\game\x64\release\bullet.obj
d:\school\2dae\programming4\gameengine_git\game\x64\release\bubblebobble.obj
d:\school\2dae\test\gameengine_git\game\x64\release\vc142.pdb
d:\school\2dae\test\gameengine_git\game\x64\release\wall.obj
d:\school\2dae\test\gameengine_git\game\x64\release\testscene.obj
d:\school\2dae\test\gameengine_git\game\x64\release\player.obj
d:\school\2dae\test\gameengine_git\game\x64\release\main.obj
d:\school\2dae\test\gameengine_git\game\x64\release\bullet.obj
d:\school\2dae\test\gameengine_git\game\x64\release\bubblebobble.obj
d:\school\2dae\test\gameengine_git\x64\bubblebobble.exe
d:\school\2dae\test\gameengine_git\x64\bubblebobble.pdb
d:\school\2dae\programming4\gameengine_git\x64\bubblebobble.pdb
d:\school\2dae\programming4\gameengine_git\x64\bubblebobble.exe
d:\school\2dae\programming4\gameengine_git\game\x64\release\bubblebobble.tlog\bubblebobble.write.1u.tlog
d:\school\2dae\programming4\gameengine_git\game\x64\release\bubblebobble.tlog\cl.command.1.tlog
d:\school\2dae\programming4\gameengine_git\game\x64\release\bubblebobble.tlog\cl.read.1.tlog
d:\school\2dae\programming4\gameengine_git\game\x64\release\bubblebobble.tlog\cl.write.1.tlog
d:\school\2dae\programming4\gameengine_git\game\x64\release\bubblebobble.tlog\link.command.1.tlog
d:\school\2dae\programming4\gameengine_git\game\x64\release\bubblebobble.tlog\link.delete.1.tlog
d:\school\2dae\programming4\gameengine_git\game\x64\release\bubblebobble.tlog\link.read.1.tlog
d:\school\2dae\programming4\gameengine_git\game\x64\release\bubblebobble.tlog\link.write.1.tlog
