d:\school\2dae\programming4\gameengine_git\minigin\win32\debug\minigin.pch
d:\school\2dae\programming4\gameengine_git\minigin\win32\debug\minigin.pdb
d:\school\2dae\programming4\gameengine_git\minigin\win32\debug\minigin.idb
d:\school\2dae\programming4\gameengine_git\minigin\win32\debug\animator.obj
d:\school\2dae\programming4\gameengine_git\minigin\win32\debug\observer.obj
d:\school\2dae\programming4\gameengine_git\minigin\win32\debug\physxcomponent.obj
d:\school\2dae\programming4\gameengine_git\minigin\win32\debug\command.obj
d:\school\2dae\programming4\gameengine_git\minigin\win32\debug\entity.obj
d:\school\2dae\programming4\gameengine_git\minigin\win32\debug\font.obj
d:\school\2dae\programming4\gameengine_git\minigin\win32\debug\fpsclock.obj
d:\school\2dae\programming4\gameengine_git\minigin\win32\debug\gameinfo.obj
d:\school\2dae\programming4\gameengine_git\minigin\win32\debug\object.obj
d:\school\2dae\programming4\gameengine_git\minigin\win32\debug\inputmanager.obj
d:\school\2dae\programming4\gameengine_git\minigin\win32\debug\minigin.obj
d:\school\2dae\programming4\gameengine_git\minigin\win32\debug\component.obj
d:\school\2dae\programming4\gameengine_git\minigin\win32\debug\physxmanager.obj
d:\school\2dae\programming4\gameengine_git\minigin\win32\debug\renderer.obj
d:\school\2dae\programming4\gameengine_git\minigin\win32\debug\resourcemanager.obj
d:\school\2dae\programming4\gameengine_git\minigin\win32\debug\scene.obj
d:\school\2dae\programming4\gameengine_git\minigin\win32\debug\scenemanager.obj
d:\school\2dae\programming4\gameengine_git\minigin\win32\debug\audiomanager.obj
d:\school\2dae\programming4\gameengine_git\minigin\win32\debug\spritecomponent2d.obj
d:\school\2dae\programming4\gameengine_git\minigin\win32\debug\state.obj
d:\school\2dae\programming4\gameengine_git\minigin\win32\debug\statemachine.obj
d:\school\2dae\programming4\gameengine_git\minigin\win32\debug\subject.obj
d:\school\2dae\programming4\gameengine_git\minigin\win32\debug\textobject.obj
d:\school\2dae\programming4\gameengine_git\minigin\win32\debug\texture2d.obj
d:\school\2dae\programming4\gameengine_git\minigin\win32\debug\texturecomponent2d.obj
d:\school\2dae\programming4\gameengine_git\minigin\win32\debug\time.obj
d:\school\2dae\programming4\gameengine_git\minigin\win32\debug\transform.obj
d:\school\2dae\programming4\gameengine_git\minigin\win32\debug\utils.obj
d:\school\2dae\programming4\gameengine_git\minigin\win32\debug\minigin.tlog\cl.command.1.tlog
d:\school\2dae\programming4\gameengine_git\minigin\win32\debug\minigin.tlog\cl.read.1.tlog
d:\school\2dae\programming4\gameengine_git\minigin\win32\debug\minigin.tlog\cl.write.1.tlog
